<?xml version="1.0" encoding="UTF-8"?>
<!-- Generated by org.testng.reporters.JUnitReportReporter -->
<testsuite skipped="0" hostname="ganespal" name="TRI.TRI_Assignment.SeleniumAssignment" tests="1" failures="0" timestamp="08 Aug 2019 08:09:09 GMT" time="14.379" errors="0">
  <testcase name="SeleniumTest" time="14.379" classname="TRI.TRI_Assignment.SeleniumAssignment"/>
</testsuite> <!-- TRI.TRI_Assignment.SeleniumAssignment -->
